Arguments: 
  C:\Program Files\nodejs\node.exe C:\Users\ryanc\AppData\Roaming\npm\node_modules\yarn\bin\yarn.js install --check-files

PATH: 
  C:\Windows\system32;C:\Windows;C:\Windows\System32\Wbem;C:\Windows\System32\WindowsPowerShell\v1.0\;C:\Windows\System32\OpenSSH\;C:\Program Files (x86)\Intel\Intel(R) Management Engine Components\DAL;C:\Program Files\Intel\Intel(R) Management Engine Components\DAL;C:\Program Files\Git\cmd;C:\Users\ryanc\AppData\Roaming\nvm;C:\Program Files\nodejs;C:\Program Files\MySQL\MySQL Shell 8.0\bin\;C:\Users\ryanc\AppData\Local\Microsoft\WindowsApps;C:\Users\ryanc\AppData\Local\Programs\Microsoft VS Code\bin;C:\Users\ryanc\AppData\Roaming\npm;C:\Users\ryanc\AppData\Roaming\nvm;C:\Program Files\nodejs

Yarn version: 
  1.22.19

Node version: 
  18.13.0

Platform: 
  win32 x64

Trace: 
  Error: https://registry.yarnpkg.com/core-js/-/core-js-2.6.12.tgz: ESOCKETTIMEDOUT
      at ClientRequest.<anonymous> (C:\Users\ryanc\AppData\Roaming\npm\node_modules\yarn\lib\cli.js:141517:19)
      at Object.onceWrapper (node:events:627:28)
      at ClientRequest.emit (node:events:513:28)
      at TLSSocket.emitRequestTimeout (node:_http_client:840:9)
      at Object.onceWrapper (node:events:627:28)
      at TLSSocket.emit (node:events:525:35)
      at Socket._onTimeout (node:net:568:8)
      at listOnTimeout (node:internal/timers:564:17)
      at process.processTimers (node:internal/timers:507:7)

npm manifest: 
  {
    "name": "my-portfolio",
    "version": "0.1.0",
    "private": true,
    "dependencies": {
      "@craco/craco": "^5.9.0",
      "@heroicons/react": "^1.0.1",
      "react": "^17.0.2",
      "react-dom": "^17.0.2",
      "react-scripts": "^1.1.5",
      "yarn": "^1.22.19"
    },
    "scripts": {
      "start": "craco start",
      "build": "craco build",
      "test": "craco test",
      "eject": "react-scripts eject"
    },
    "eslintConfig": {
      "extends": [
        "react-app",
        "react-app/jest"
      ]
    },
    "devDependencies": {
      "autoprefixer": "^9.8.6",
      "postcss": "^7.0.36",
      "tailwindcss": "npm:@tailwindcss/postcss7-compat@^2.0.2"
    }
  }

yarn manifest: 
  No manifest

Lockfile: 
  No lockfile
